<?xml version="1.0" encoding="UTF-8"?>
<testng-results ignored="0" total="1" passed="1" failed="0" skipped="0">
  <reporter-output>
  </reporter-output>
  <suite started-at="2024-10-16T12:31:02 IST" name="Surefire suite" finished-at="2024-10-16T12:31:19 IST" duration-ms="16502">
    <groups>
    </groups>
    <test started-at="2024-10-16T12:31:02 IST" name="Surefire test" finished-at="2024-10-16T12:31:19 IST" duration-ms="16502">
      <class name="testCase.TC001_AccountRegistrationTest">
        <test-method is-config="true" signature="setup()[pri:0, instance:testCase.TC001_AccountRegistrationTest@73a2e526]" started-at="2024-10-16T12:31:02 IST" name="setup" finished-at="2024-10-16T12:31:11 IST" duration-ms="9113" status="PASS">
          <reporter-output>
          </reporter-output>
        </test-method> <!-- setup -->
        <test-method signature="verify_account_registration()[pri:0, instance:testCase.TC001_AccountRegistrationTest@73a2e526]" started-at="2024-10-16T12:31:11 IST" name="verify_account_registration" finished-at="2024-10-16T12:31:18 IST" duration-ms="6593" status="PASS">
          <reporter-output>
          </reporter-output>
        </test-method> <!-- verify_account_registration -->
        <test-method is-config="true" signature="teardown()[pri:0, instance:testCase.TC001_AccountRegistrationTest@73a2e526]" started-at="2024-10-16T12:31:18 IST" name="teardown" finished-at="2024-10-16T12:31:19 IST" duration-ms="667" status="PASS">
          <reporter-output>
          </reporter-output>
        </test-method> <!-- teardown -->
      </class> <!-- testCase.TC001_AccountRegistrationTest -->
    </test> <!-- Surefire test -->
  </suite> <!-- Surefire suite -->
</testng-results>
